<?xml version="1.0" encoding="UTF-8"?>
<!-- Generated by org.testng.reporters.JUnitReportReporter -->
<testsuite hostname="DESKTOP-80GKG3M" failures="0" tests="5" name="test.TestTextBox" time="5.237" errors="0" timestamp="2021-12-31T16:59:35 CET" skipped="0">
  <testcase classname="test.TestTextBox" name="verifyClickOnTextBox" time="0.528"/>
  <system-out/>
  <testcase classname="test.TestTextBox" name="validTextInputInTextBoxesFields" time="1.930"/>
  <system-out/>
  <testcase classname="test.TestTextBox" name="verifyValidResultIfUserInputValidEmailAddress" time="0.754"/>
  <system-out/>
  <testcase classname="test.TestTextBox" name="testInvalidEmailInputs" time="1.514"/>
  <system-out/>
  <testcase classname="test.TestTextBox" name="verifyThatTextDoNotAppearWhenUserDoNotInputText" time="0.511"/>
  <system-out/>
</testsuite> <!-- test.TestTextBox -->
