<?xml version="1.0" encoding="UTF-8"?>
<!-- Generated by org.testng.reporters.JUnitReportReporter -->
<testsuite hostname="DESKTOP-80GKG3M" failures="0" tests="1" name="test.TestCheckBox" time="1.519" errors="0" timestamp="2021-10-26T17:55:28 CEST" skipped="0">
  <testcase classname="test.TestCheckBox" name="verifyHeaderCheckBox" time="1.519"/>
  <system-out/>
</testsuite> <!-- test.TestCheckBox -->
