<?xml version="1.0" encoding="UTF-8"?>
<!-- Generated by org.testng.reporters.JUnitReportReporter -->
<testsuite hostname="DESKTOP-80GKG3M" failures="0" tests="2" name="test.TestRadioButtonPage" time="2.575" errors="0" timestamp="2021-11-09T16:11:05 CET" skipped="0">
  <testcase classname="test.TestRadioButtonPage" name="verifyElementsArePresentRadioButtonPage" time="0.510"/>
  <system-out/>
  <testcase classname="test.TestRadioButtonPage" name="verifyClicksOnRadioButtons" time="2.065"/>
  <system-out/>
</testsuite> <!-- test.TestRadioButtonPage -->
