<?xml version="1.0" encoding="UTF-8"?>
<!-- Generated by org.testng.reporters.JUnitReportReporter -->
<testsuite hostname="DESKTOP-80GKG3M" failures="0" tests="3" name="test.TestBrowserWindows" time="2.946" errors="0" timestamp="2021-12-31T16:58:11 CET" skipped="0">
  <testcase classname="test.TestBrowserWindows" name="verifyClickOnBrowserWindows" time="1.495"/>
  <system-out/>
  <testcase classname="test.TestBrowserWindows" name="verifyClickOnNewTabButton" time="0.676"/>
  <system-out/>
  <testcase classname="test.TestBrowserWindows" name="verifyClickOnNewWindowButton" time="0.775"/>
  <system-out/>
</testsuite> <!-- test.TestBrowserWindows -->
