<?xml version="1.0" encoding="UTF-8"?>
<!-- Generated by org.testng.reporters.JUnitReportReporter -->
<testsuite hostname="DESKTOP-80GKG3M" failures="0" tests="8" name="test.TestHomePage" time="5.280" errors="0" timestamp="2021-12-31T16:58:58 CET" skipped="0">
  <testcase classname="test.TestHomePage" name="verifyThatHeaderOfTheSiteIsPresent" time="0.405"/>
  <system-out/>
  <testcase classname="test.TestHomePage" name="verifyLinksToHomePage" time="2.217"/>
  <system-out/>
  <testcase classname="test.TestHomePage" name="verifyClickOnElementsTab" time="0.424"/>
  <system-out/>
  <testcase classname="test.TestHomePage" name="verifyClickOnFormsTab" time="0.335"/>
  <system-out/>
  <testcase classname="test.TestHomePage" name="verifyClickOnAlertsFrameWindows" time="0.521"/>
  <system-out/>
  <testcase classname="test.TestHomePage" name="verifyClickOnWidgets" time="0.549"/>
  <system-out/>
  <testcase classname="test.TestHomePage" name="verifyClickOnInteractions" time="0.466"/>
  <system-out/>
  <testcase classname="test.TestHomePage" name="verifyClickOnBookStoreApplication" time="0.363"/>
  <system-out/>
</testsuite> <!-- test.TestHomePage -->
