<?xml version="1.0" encoding="UTF-8"?>
<!-- Generated by org.testng.reporters.JUnitReportReporter -->
<testsuite hostname="DESKTOP-80GKG3M" failures="0" tests="6" name="test.TestAlerts" time="9.965" errors="0" timestamp="2021-12-31T16:56:00 CET" skipped="0">
  <testcase classname="test.TestAlerts" name="verifyThatWhenUserClickOnAlertsNewPageAlertsIsOpened" time="0.443"/>
  <system-out/>
  <testcase classname="test.TestAlerts" name="verifyFirstAlert" time="0.530"/>
  <system-out/>
  <testcase classname="test.TestAlerts" name="verifySecond5SecondsAlert" time="5.523"/>
  <system-out/>
  <testcase classname="test.TestAlerts" name="verifyAlertConfirmOkButton" time="2.302"/>
  <system-out/>
  <testcase classname="test.TestAlerts" name="verifyAlertConfirmCancelButton" time="0.455"/>
  <system-out/>
  <testcase classname="test.TestAlerts" name="verifyAlertPromptActions" time="0.712"/>
  <system-out/>
</testsuite> <!-- test.TestAlerts -->
